{"level":"info","message":"Listening on http://127.0.0.1:80"}
{"level":"info","message":"Session '9rshvu0ySFMngX-VoPg75EJH7vi7-lil': Getting About"}
{"level":"info","message":"Session '9rshvu0ySFMngX-VoPg75EJH7vi7-lil': Getting Home"}
{"level":"info","message":"Session '9rshvu0ySFMngX-VoPg75EJH7vi7-lil': Getting Events"}
{"level":"info","message":"Session '9rshvu0ySFMngX-VoPg75EJH7vi7-lil': Getting Committee"}
{"level":"info","message":"Session '9rshvu0ySFMngX-VoPg75EJH7vi7-lil': Getting Login"}
{"level":"info","message":"Session 'lhQ0QTnj_jX9Z_wzEIApSii17EeX4m4m': Posting Login Form"}
{"level":"info","message":"Listening on http://127.0.0.1:80"}
{"level":"info","message":"Session 'OCBmOivve_y-_UqXsN0esiF4gT0yYQa1': Getting Login"}
{"level":"info","message":"Session 'OCBmOivve_y-_UqXsN0esiF4gT0yYQa1': Posting Login Form"}
{"level":"info","message":"Getting Password for User 'a86854cc-bfcc-4434-8fe3-bb01cd8071ac'"}
{"level":"info","message":"Session 'OCBmOivve_y-_UqXsN0esiF4gT0yYQa1': Successfully Logged In"}
{"level":"info","message":"Session 'OCBmOivve_y-_UqXsN0esiF4gT0yYQa1': Getting Home"}
{"level":"info","message":"Listening on http://127.0.0.1:80"}
{"level":"info","message":"Session 'dzcn46XXAkPgS56el3PgoAgjLcC_e6ep': Getting Home"}
{"level":"info","message":"Session 'dzcn46XXAkPgS56el3PgoAgjLcC_e6ep': Getting About"}
{"level":"info","message":"Session 'dzcn46XXAkPgS56el3PgoAgjLcC_e6ep': Getting Home"}
{"level":"info","message":"Session 'dzcn46XXAkPgS56el3PgoAgjLcC_e6ep': Getting Login"}
{"level":"info","message":"Session '_zyxGV92kEyrlbTSkjTB1MiJAPIo66q9': Posting Login Form"}
{"level":"info","message":"Getting Password for User 'a86854cc-bfcc-4434-8fe3-bb01cd8071ac'"}
{"level":"info","message":"Session '_zyxGV92kEyrlbTSkjTB1MiJAPIo66q9': Successfully Logged In"}
{"level":"info","message":"Session '_zyxGV92kEyrlbTSkjTB1MiJAPIo66q9': Getting Home"}
{"level":"info","message":"Session '_zyxGV92kEyrlbTSkjTB1MiJAPIo66q9': Getting Home"}
{"level":"info","message":"Session '_zyxGV92kEyrlbTSkjTB1MiJAPIo66q9': Getting Home"}
{"level":"info","message":"Session '_zyxGV92kEyrlbTSkjTB1MiJAPIo66q9': Getting About"}
{"level":"info","message":"Listening on http://127.0.0.1:80"}
{"level":"info","message":"Session 'TEiz1le65mch_PmtlROfY-N3JXZUFLKx': Logging Out"}
{"level":"info","message":"Session 'TEiz1le65mch_PmtlROfY-N3JXZUFLKx': Getting Home"}
{"level":"info","message":"Session 'TEiz1le65mch_PmtlROfY-N3JXZUFLKx': Getting Login"}
{"level":"info","message":"Session 'iJWilA087BqD05P6S_SEBoEty0qxpQeC': Posting Login Form"}
{"level":"info","message":"Getting Password for User 'a86854cc-bfcc-4434-8fe3-bb01cd8071ac'"}
{"level":"info","message":"Session 'iJWilA087BqD05P6S_SEBoEty0qxpQeC': Successfully Logged In"}
{"level":"info","message":"Session 'iJWilA087BqD05P6S_SEBoEty0qxpQeC': Getting Home"}
{"level":"info","message":"Session 'iJWilA087BqD05P6S_SEBoEty0qxpQeC': Getting Login"}
{"level":"info","message":"Session 'mafgsYkVoMdrOv0r0JZ8xGVdQo-3p-8M': Posting Login Form"}
{"level":"info","message":"Getting Password for User 'a86854cc-bfcc-4434-8fe3-bb01cd8071ac'"}
{"level":"info","message":"Session 'mafgsYkVoMdrOv0r0JZ8xGVdQo-3p-8M': Successfully Logged In"}
{"level":"info","message":"Session 'mafgsYkVoMdrOv0r0JZ8xGVdQo-3p-8M': Getting Home"}
{"level":"info","message":"Session 'mafgsYkVoMdrOv0r0JZ8xGVdQo-3p-8M': Getting Contact"}
{"level":"info","message":"Session 'mafgsYkVoMdrOv0r0JZ8xGVdQo-3p-8M': Getting About"}
{"level":"info","message":"Session 'mafgsYkVoMdrOv0r0JZ8xGVdQo-3p-8M': Getting Home"}
{"level":"info","message":"Session 'mafgsYkVoMdrOv0r0JZ8xGVdQo-3p-8M': Getting Committee"}
{"level":"info","message":"Session 'mafgsYkVoMdrOv0r0JZ8xGVdQo-3p-8M': Logging Out"}
{"level":"info","message":"Session '2xtv8UFdGVVeadho5c7MxHcF2nYuw_VD': Getting Home"}
{"level":"info","message":"Session '2xtv8UFdGVVeadho5c7MxHcF2nYuw_VD': Getting About"}
{"level":"info","message":"Session '2xtv8UFdGVVeadho5c7MxHcF2nYuw_VD': Getting About"}
{"level":"info","message":"Session '2xtv8UFdGVVeadho5c7MxHcF2nYuw_VD': Getting Home"}
{"level":"info","message":"Session '2xtv8UFdGVVeadho5c7MxHcF2nYuw_VD': Getting Login"}
{"level":"info","message":"Session 'G24kDD8zV34pwpR0RynXuPl2TlVSgWgc': Posting Login Form"}
{"level":"info","message":"Getting Password for User 'a86854cc-bfcc-4434-8fe3-bb01cd8071ac'"}
{"level":"info","message":"Session 'G24kDD8zV34pwpR0RynXuPl2TlVSgWgc': Successfully Logged In"}
{"level":"info","message":"Session 'G24kDD8zV34pwpR0RynXuPl2TlVSgWgc': Getting Home"}
{"level":"info","message":"Session 'G24kDD8zV34pwpR0RynXuPl2TlVSgWgc': Getting Contact"}
{"level":"info","message":"Session 'G24kDD8zV34pwpR0RynXuPl2TlVSgWgc': Logging Out"}
{"level":"info","message":"Session 'zFcUavn4Vm3-qkolzxv3luuea50Zfx_b': Getting Home"}
{"level":"info","message":"Session 'zFcUavn4Vm3-qkolzxv3luuea50Zfx_b': Getting Committee"}
{"level":"info","message":"Session 'zFcUavn4Vm3-qkolzxv3luuea50Zfx_b': Getting Home"}
{"level":"info","message":"Session 'zFcUavn4Vm3-qkolzxv3luuea50Zfx_b': Getting About"}
{"level":"info","message":"Session 'zFcUavn4Vm3-qkolzxv3luuea50Zfx_b': Getting Events"}
{"level":"info","message":"Session 'zFcUavn4Vm3-qkolzxv3luuea50Zfx_b': Getting About"}
{"level":"info","message":"Session 'zFcUavn4Vm3-qkolzxv3luuea50Zfx_b': Getting Home"}
{"level":"info","message":"Session 'zFcUavn4Vm3-qkolzxv3luuea50Zfx_b': Getting Committee"}
{"level":"info","message":"Session 'zFcUavn4Vm3-qkolzxv3luuea50Zfx_b': Getting Contact"}
{"level":"info","message":"Session 'zFcUavn4Vm3-qkolzxv3luuea50Zfx_b': Getting Committee"}
{"level":"info","message":"Session 'zFcUavn4Vm3-qkolzxv3luuea50Zfx_b': Getting About"}
{"level":"info","message":"Session 'zFcUavn4Vm3-qkolzxv3luuea50Zfx_b': Getting Home"}
{"level":"info","message":"Session 'zFcUavn4Vm3-qkolzxv3luuea50Zfx_b': Getting Events"}
{"level":"info","message":"Session 'zFcUavn4Vm3-qkolzxv3luuea50Zfx_b': Getting About"}
{"level":"info","message":"Session 'zFcUavn4Vm3-qkolzxv3luuea50Zfx_b': Getting Home"}
{"level":"info","message":"Listening on http://127.0.0.1:80"}
{"level":"info","message":"Session 'godJh0pjhhvEhWTbjjlKU5o1Nyt-9Ke5': Getting Home"}
{"level":"info","message":"Session 'godJh0pjhhvEhWTbjjlKU5o1Nyt-9Ke5': Getting Events"}
{"level":"info","message":"Session 'godJh0pjhhvEhWTbjjlKU5o1Nyt-9Ke5': Getting About"}
{"level":"info","message":"Session 'godJh0pjhhvEhWTbjjlKU5o1Nyt-9Ke5': Getting Contact"}
{"level":"info","message":"Session 'godJh0pjhhvEhWTbjjlKU5o1Nyt-9Ke5': Getting Committee"}
{"level":"info","message":"Session 'godJh0pjhhvEhWTbjjlKU5o1Nyt-9Ke5': Getting About"}
{"level":"info","message":"Session 'godJh0pjhhvEhWTbjjlKU5o1Nyt-9Ke5': Getting Committee"}
{"level":"info","message":"Session 'godJh0pjhhvEhWTbjjlKU5o1Nyt-9Ke5': Getting Events"}
{"level":"info","message":"Session 'godJh0pjhhvEhWTbjjlKU5o1Nyt-9Ke5': Getting About"}
{"level":"info","message":"Session 'godJh0pjhhvEhWTbjjlKU5o1Nyt-9Ke5': Getting Home"}
{"level":"info","message":"Session 'godJh0pjhhvEhWTbjjlKU5o1Nyt-9Ke5': Getting Committee"}
{"level":"info","message":"Session 'godJh0pjhhvEhWTbjjlKU5o1Nyt-9Ke5': Getting Events"}
{"level":"info","message":"Session 'godJh0pjhhvEhWTbjjlKU5o1Nyt-9Ke5': Getting Sign Up"}
{"level":"info","message":"Session '83vm9wqfhH1HlibI9LOoIQgiSioLYKma': Getting Home"}
{"level":"info","message":"Session '83vm9wqfhH1HlibI9LOoIQgiSioLYKma': Getting Home"}
{"level":"info","message":"Listening on http://127.0.0.1:80"}
{"level":"info","message":"Listening on http://127.0.0.1:80"}
{"level":"info","message":"Session 'Zs6319maozPEn9lhq6NjDNm8m-Db1TBv': Getting Home"}
{"level":"info","message":"Session 'Zs6319maozPEn9lhq6NjDNm8m-Db1TBv': Getting Committee"}
{"level":"info","message":"Session 'Zs6319maozPEn9lhq6NjDNm8m-Db1TBv': Getting Events"}
{"level":"info","message":"Session 'Zs6319maozPEn9lhq6NjDNm8m-Db1TBv': Getting Contact"}
{"level":"info","message":"Session 'Zs6319maozPEn9lhq6NjDNm8m-Db1TBv': Getting About"}
{"level":"info","message":"Session 'Zs6319maozPEn9lhq6NjDNm8m-Db1TBv': Getting Home"}
{"level":"info","message":"Session 'Zs6319maozPEn9lhq6NjDNm8m-Db1TBv': Getting Home"}
{"level":"info","message":"Session 'Zs6319maozPEn9lhq6NjDNm8m-Db1TBv': Getting About"}
{"level":"info","message":"Session 'Zs6319maozPEn9lhq6NjDNm8m-Db1TBv': Getting Events"}
{"level":"info","message":"Session 'Zs6319maozPEn9lhq6NjDNm8m-Db1TBv': Getting Home"}
{"level":"info","message":"Session 'Zs6319maozPEn9lhq6NjDNm8m-Db1TBv': Getting Home"}
{"level":"info","message":"Session 'Zs6319maozPEn9lhq6NjDNm8m-Db1TBv': Getting About"}
{"level":"info","message":"Session 'Zs6319maozPEn9lhq6NjDNm8m-Db1TBv': Getting Login"}
{"level":"info","message":"Session 'o8UeCtAKLifIb0_cukM0mWo-6lvWHsxj': Getting About"}
{"level":"info","message":"Session 'o8UeCtAKLifIb0_cukM0mWo-6lvWHsxj': Getting About"}
{"level":"info","message":"Session 'o8UeCtAKLifIb0_cukM0mWo-6lvWHsxj': Getting Committee"}
{"level":"info","message":"Listening on http://127.0.0.1:80"}
{"level":"info","message":"Listening on http://127.0.0.1:80"}
{"level":"info","message":"Session '51_YWIu68iXoY1ixVscswEsOWRTuKmv_': Getting About"}
{"level":"info","message":"Session '51_YWIu68iXoY1ixVscswEsOWRTuKmv_': Getting Events"}
{"level":"info","message":"Session '51_YWIu68iXoY1ixVscswEsOWRTuKmv_': Getting Contact"}
{"level":"info","message":"Session '51_YWIu68iXoY1ixVscswEsOWRTuKmv_': Getting Home"}
{"level":"info","message":"Session '51_YWIu68iXoY1ixVscswEsOWRTuKmv_': Getting Sign Up"}
{"level":"info","message":"Session '8d8PKkicP2uGFYWyEPPj7fIZ3RBxgh36': Posting Sign Up Form"}
{"level":"info","message":"Member 'Mike Sample' Created"}
{"level":"info","message":"Password Saved"}
{"level":"info","message":"Session '8d8PKkicP2uGFYWyEPPj7fIZ3RBxgh36': Successfully Signed Up"}
{"level":"info","message":"Session '8d8PKkicP2uGFYWyEPPj7fIZ3RBxgh36': Getting Home"}
{"level":"info","message":"Session '8d8PKkicP2uGFYWyEPPj7fIZ3RBxgh36': Getting About"}
{"level":"info","message":"Session '8d8PKkicP2uGFYWyEPPj7fIZ3RBxgh36': Getting Committee"}
{"level":"info","message":"Listening on http://127.0.0.1:80"}
{"level":"info","message":"Session 'Mp6LhqTf1uDgRRsYdISKZZ9Q8pwriaXJ': Getting Home"}
{"level":"info","message":"Listening on http://127.0.0.1:80"}
{"level":"info","message":"Session '4FR8S4D39MhCMN46RXjIo00n8UabO3l8': Getting Home"}
{"level":"info","message":"Session '-VKvKbpT2q-qbBRVldCXd2tIkW-8fvMw': Getting Sign Up"}
{"level":"info","message":"Session '4FR8S4D39MhCMN46RXjIo00n8UabO3l8': Getting Home"}
{"level":"info","message":"Session '-VKvKbpT2q-qbBRVldCXd2tIkW-8fvMw': Getting Sign Up"}
{"level":"info","message":"Session 'wgOGez8rSypD4Mc9MDG3JmzTwT9Qdtdo': Getting Committee"}
{"level":"info","message":"Session 'wgOGez8rSypD4Mc9MDG3JmzTwT9Qdtdo': Getting Sign Up"}
{"level":"info","message":"Session 'copHFvENRtYUoVO92VgV69Z7dmkLYDZ5': Getting Sign Up"}
{"level":"info","message":"Session 'copHFvENRtYUoVO92VgV69Z7dmkLYDZ5': Getting Sign Up"}
{"level":"info","message":"Session 'Mj5jPUC5hoK0Px8hGrZf7bz5C59zi_7N': Getting Sign Up"}
{"level":"info","message":"Session 'BDxCtgoIu4HiTPWZg1_JwhlXCK2zdhUq': Getting Home"}
{"level":"info","message":"Session 'Mj5jPUC5hoK0Px8hGrZf7bz5C59zi_7N': Getting Sign Up"}
{"level":"info","message":"Session '7FVJ5dy6TD12hC9YR9M7bQtnld1tknwb': Posting Sign Up Form"}
{"level":"info","message":"Member 'Mattkjdfs Brazkjfsdh' Created"}
{"level":"info","message":"Password Saved"}
{"level":"info","message":"Session '7FVJ5dy6TD12hC9YR9M7bQtnld1tknwb': Successfully Signed Up"}
{"level":"info","message":"Session '7FVJ5dy6TD12hC9YR9M7bQtnld1tknwb': Getting Home"}
{"level":"info","message":"Session '7FVJ5dy6TD12hC9YR9M7bQtnld1tknwb': Logging Out"}
{"level":"info","message":"Session 'RWEz_ChoVeZtbZ0sc_7O9qFrnBtx3tAm': Getting Home"}
{"level":"info","message":"Session 'RWEz_ChoVeZtbZ0sc_7O9qFrnBtx3tAm': Getting Committee"}
{"level":"info","message":"Session 'WppFg2Hm4x9d6hkNkY3vvp013VD4wDHl': Getting Home"}
{"level":"info","message":"Session 'ZJbIVasoNxhNhSKr1wjOw4spvtkIXmoO': Getting Home"}
{"level":"info","message":"Session 'N722NKnpDrF61NajA7HyAnufMTe9Ftm9': Getting Home"}
{"level":"info","message":"Listening on http://127.0.0.1:80"}
{"level":"info","message":"Session 'qHKIg0je0e3TPmKw_BebB7thppHqIFyJ': Getting Home"}
{"level":"info","message":"Listening on http://127.0.0.1:80"}
{"level":"info","message":"Session 'bK8Ua2WS1vAgYt--Uneo4oeS3VIub6GM': Getting Home"}
{"level":"info","message":"Session 'bK8Ua2WS1vAgYt--Uneo4oeS3VIub6GM': Getting About"}
{"level":"info","message":"Session 'bK8Ua2WS1vAgYt--Uneo4oeS3VIub6GM': Getting Committee"}
{"level":"info","message":"Session 'bK8Ua2WS1vAgYt--Uneo4oeS3VIub6GM': Getting Committee"}
{"level":"info","message":"Session 'bK8Ua2WS1vAgYt--Uneo4oeS3VIub6GM': Getting Login"}
{"level":"info","message":"Session 'DKhcB9TnOQajfRl9v4zO11zcttivQvEV': Getting Sign Up"}
{"level":"info","message":"Session 'DKhcB9TnOQajfRl9v4zO11zcttivQvEV': Getting Events"}
{"level":"info","message":"Session 'DKhcB9TnOQajfRl9v4zO11zcttivQvEV': Getting Committee"}
{"level":"info","message":"Session 'DKhcB9TnOQajfRl9v4zO11zcttivQvEV': Getting About"}
{"level":"info","message":"Session 'DKhcB9TnOQajfRl9v4zO11zcttivQvEV': Getting Contact"}
{"level":"info","message":"Session '0oR1LpBt2ommro33LpMhwd3WW2HCxn2t': Getting Home"}
{"level":"info","message":"Session 'DKhcB9TnOQajfRl9v4zO11zcttivQvEV': Getting Contact"}
{"level":"info","message":"Session 'DKhcB9TnOQajfRl9v4zO11zcttivQvEV': Getting Home"}
{"level":"info","message":"Session 'YnpZHeIF2S6NMRgnNksrZ7MKbHV_4osW': Getting Home"}
{"level":"info","message":"Session 'YnpZHeIF2S6NMRgnNksrZ7MKbHV_4osW': Getting Home"}
{"level":"info","message":"Session 'YnpZHeIF2S6NMRgnNksrZ7MKbHV_4osW': Getting Contact"}
{"level":"info","message":"Session 'YnpZHeIF2S6NMRgnNksrZ7MKbHV_4osW': Getting Events"}
{"level":"info","message":"Session 'YnpZHeIF2S6NMRgnNksrZ7MKbHV_4osW': Getting Committee"}
{"level":"info","message":"Listening on http://127.0.0.1:80"}
{"level":"info","message":"Session 'SpbTNgrfB3C32btmYutAr9E3C0O75Beb': Getting Home"}
{"level":"info","message":"Session 'vI5V-uuzh4YQ-WS12VIU_aVUxM1H-l6k': Getting About"}
{"level":"info","message":"Listening on http://127.0.0.1:80"}
{"level":"info","message":"Session 'MRVk9W0C7QO9Ee9PgsLXVJ0F3fl5XaWw': Getting Home"}
{"level":"info","message":"Session 'e8E03cyoDccva3Fi-WYY_9ppKvXC-21U': Getting Committee"}
{"level":"info","message":"Session 'e8E03cyoDccva3Fi-WYY_9ppKvXC-21U': Getting About"}
{"level":"info","message":"Session 'e8E03cyoDccva3Fi-WYY_9ppKvXC-21U': Getting About"}
{"level":"info","message":"Session 'e8E03cyoDccva3Fi-WYY_9ppKvXC-21U': Getting About"}
{"level":"info","message":"Session 'e8E03cyoDccva3Fi-WYY_9ppKvXC-21U': Getting Home"}
{"level":"info","message":"Session 'e8E03cyoDccva3Fi-WYY_9ppKvXC-21U': Getting Committee"}
{"level":"info","message":"Session 'e8E03cyoDccva3Fi-WYY_9ppKvXC-21U': Getting Events"}
{"level":"info","message":"Session 'e8E03cyoDccva3Fi-WYY_9ppKvXC-21U': Getting Contact"}
{"level":"info","message":"Session 'e8E03cyoDccva3Fi-WYY_9ppKvXC-21U': Getting Committee"}
{"level":"info","message":"Session 'e8E03cyoDccva3Fi-WYY_9ppKvXC-21U': Getting Contact"}
{"level":"info","message":"Session 'e8E03cyoDccva3Fi-WYY_9ppKvXC-21U': Getting Committee"}
{"level":"info","message":"Session 'e8E03cyoDccva3Fi-WYY_9ppKvXC-21U': Getting Events"}
{"level":"info","message":"Session 'e8E03cyoDccva3Fi-WYY_9ppKvXC-21U': Getting Committee"}
{"level":"info","message":"Session 'irw7DkJ6OdcTrYiU9VZi85jEqiPlEI8E': Getting Home"}
{"level":"info","message":"Session 'eqrJdSmsttrNtGEhPFpougvPNs8wfavm': Getting Home"}
{"level":"info","message":"Session 'u2GbDMaMcHLm9wm5liOhIC42uTQGdTae': Getting Home"}
{"level":"info","message":"Session 'u2GbDMaMcHLm9wm5liOhIC42uTQGdTae': Getting Login"}
{"level":"info","message":"Session 'Akyqi21OrhSgVXKHOV1J7cyHfz9fLNEl': Getting Sign Up"}
{"level":"info","message":"Session 'eqrJdSmsttrNtGEhPFpougvPNs8wfavm': Getting Home"}
{"level":"info","message":"Session 'eqrJdSmsttrNtGEhPFpougvPNs8wfavm': Getting Sign Up"}
{"level":"info","message":"Session 'g1v6DI9U2kmLp8xlTqeWDKbVipV61qKt': Getting Home"}
{"level":"info","message":"Session 'g1v6DI9U2kmLp8xlTqeWDKbVipV61qKt': Getting Sign Up"}
{"level":"info","message":"Session 'RRnlDC_YDozQ2GyNgl8GEezOUHir9Y3Y': Getting Home"}
{"level":"info","message":"Session 'gRFNvWjG_Wz48vgGSajtMS_RtGAadYjv': Getting Home"}
{"level":"info","message":"Session 'Akyqi21OrhSgVXKHOV1J7cyHfz9fLNEl': Posting Sign Up Form"}
{"level":"info","message":"Member 'Dora Jones' Created"}
{"level":"info","message":"Password Saved"}
{"level":"info","message":"Session 'Akyqi21OrhSgVXKHOV1J7cyHfz9fLNEl': Successfully Signed Up"}
{"level":"info","message":"Session 'Akyqi21OrhSgVXKHOV1J7cyHfz9fLNEl': Getting Home"}
{"level":"info","message":"Session 'Akyqi21OrhSgVXKHOV1J7cyHfz9fLNEl': Getting Contact"}
{"level":"info","message":"Session 'Veez29qiQ-BRn2LL61M2W-oJVULmIYMD': Posting Sign Up Form"}
{"level":"info","message":"Member 'Joe  Blogs ' Created"}
{"level":"info","message":"Password Saved"}
{"level":"info","message":"Session 'Veez29qiQ-BRn2LL61M2W-oJVULmIYMD': Successfully Signed Up"}
{"level":"info","message":"Session 'Veez29qiQ-BRn2LL61M2W-oJVULmIYMD': Getting Home"}
{"level":"info","message":"Session 'Akyqi21OrhSgVXKHOV1J7cyHfz9fLNEl': Getting About"}
{"level":"info","message":"Session 'Akyqi21OrhSgVXKHOV1J7cyHfz9fLNEl': Getting Committee"}
{"level":"info","message":"Session 'X778qw_kYgmgSgUEbZf5KQwfJLeVpeCV': Posting Sign Up Form"}
{"level":"info","message":"Member 'Maps Murphy' Created"}
{"level":"info","message":"Password Saved"}
{"level":"info","message":"Session 'X778qw_kYgmgSgUEbZf5KQwfJLeVpeCV': Successfully Signed Up"}
{"level":"info","message":"Session 'X778qw_kYgmgSgUEbZf5KQwfJLeVpeCV': Getting Home"}
{"level":"info","message":"Session 'X778qw_kYgmgSgUEbZf5KQwfJLeVpeCV': Getting About"}
{"level":"info","message":"Session 'X778qw_kYgmgSgUEbZf5KQwfJLeVpeCV': Getting Committee"}
{"level":"info","message":"Session 'X778qw_kYgmgSgUEbZf5KQwfJLeVpeCV': Getting Events"}
{"level":"info","message":"Session 'X778qw_kYgmgSgUEbZf5KQwfJLeVpeCV': Getting Contact"}
{"level":"info","message":"Session 'Akyqi21OrhSgVXKHOV1J7cyHfz9fLNEl': Getting Events"}
{"level":"info","message":"Session 'pHxRKgJRjc7j5x4UUBhhazvkLVYzU0N-': Getting Home"}
{"level":"info","message":"Session 'X778qw_kYgmgSgUEbZf5KQwfJLeVpeCV': Getting Home"}
{"level":"info","message":"Session 'pHxRKgJRjc7j5x4UUBhhazvkLVYzU0N-': Getting About"}
{"level":"info","message":"Session 'pHxRKgJRjc7j5x4UUBhhazvkLVYzU0N-': Getting Committee"}
{"level":"info","message":"Session 'pHxRKgJRjc7j5x4UUBhhazvkLVYzU0N-': Getting Committee"}
{"level":"info","message":"Session 'pHxRKgJRjc7j5x4UUBhhazvkLVYzU0N-': Getting Events"}
{"level":"info","message":"Session 'pHxRKgJRjc7j5x4UUBhhazvkLVYzU0N-': Getting Contact"}
{"level":"info","message":"Session 'aH2KEGGxj4DUysFlzCrIgpiOnsL8lEgN': Getting Home"}
{"level":"error","message":"Session 'pHxRKgJRjc7j5x4UUBhhazvkLVYzU0N-': Posing Message"}
{"level":"info","message":"Session 'pHxRKgJRjc7j5x4UUBhhazvkLVYzU0N-': Getting Home"}
{"level":"info","message":"Session 'pHxRKgJRjc7j5x4UUBhhazvkLVYzU0N-': Getting Login"}
{"level":"info","message":"Session 'Akyqi21OrhSgVXKHOV1J7cyHfz9fLNEl': Getting Events"}
{"level":"info","message":"Session 'TCuRxLMh_VSIqr0d5MH-EgQUF7s72BEK': Posting Login Form"}
{"level":"info","message":"Session 'TCuRxLMh_VSIqr0d5MH-EgQUF7s72BEK': Posting Login Form"}
{"level":"info","message":"Session 'TCuRxLMh_VSIqr0d5MH-EgQUF7s72BEK': Getting Sign Up"}
{"level":"info","message":"Listening on http://127.0.0.1:80"}
{"level":"info","message":"Session 'd-cIn76ZyneFNhv66AnBUd1pNhAVhUgY': Posting Sign Up Form"}
{"level":"info","message":"Member 'Ben Dover' Created"}
{"level":"info","message":"Password Saved"}
{"level":"info","message":"Session 'd-cIn76ZyneFNhv66AnBUd1pNhAVhUgY': Successfully Signed Up"}
{"level":"info","message":"Session 'd-cIn76ZyneFNhv66AnBUd1pNhAVhUgY': Getting Home"}
{"level":"info","message":"Session 'd-cIn76ZyneFNhv66AnBUd1pNhAVhUgY': Logging Out"}
{"level":"info","message":"Session 'tOl0-R8KZKYpP11ktsdKFe95pDAwoTNf': Getting Home"}
{"level":"info","message":"Session 'tOl0-R8KZKYpP11ktsdKFe95pDAwoTNf': Getting Login"}
{"level":"info","message":"Listening on http://127.0.0.1:80"}
{"level":"info","message":"Session 'yVL3sUcJ5-Hb3NkVzNIi3t9j3Lctk1PC': Posting Login Form"}
{"level":"info","message":"Getting Password for User 'cf8a227b-4235-438b-bdc3-a538d39ddf6e'"}
{"level":"info","message":"Session 'yVL3sUcJ5-Hb3NkVzNIi3t9j3Lctk1PC': Successfully Logged In"}
{"level":"info","message":"Session 'yVL3sUcJ5-Hb3NkVzNIi3t9j3Lctk1PC': Getting Home"}
{"level":"info","message":"Session 'UwxWL2HQyZJgF95Xqco4pQtYjljnIAhD': Getting Contact"}
{"level":"error","message":"Session 'UwxWL2HQyZJgF95Xqco4pQtYjljnIAhD': Posing Message"}
{"level":"info","message":"Session 'UwxWL2HQyZJgF95Xqco4pQtYjljnIAhD': Getting Home"}
{"level":"info","message":"Session 'UwxWL2HQyZJgF95Xqco4pQtYjljnIAhD': Getting Login"}
{"level":"info","message":"Session 'lAwVgLqrGiyk5hPcAgwuaKUYmbZjOxN-': Getting Home"}
{"level":"info","message":"Session 'lAwVgLqrGiyk5hPcAgwuaKUYmbZjOxN-': Getting About"}
{"level":"info","message":"Session 'dbg8PYPHllit2RK1mhCroofTMaeDbR6Y': Getting Home"}
{"level":"info","message":"Session 'L21UNeEk7U0FXX8mpNk6wC9MmfykVUd1': Posting Login Form"}
{"level":"info","message":"Getting Password for User 'a86854cc-bfcc-4434-8fe3-bb01cd8071ac'"}
{"level":"info","message":"Session 'L21UNeEk7U0FXX8mpNk6wC9MmfykVUd1': Successfully Logged In"}
{"level":"info","message":"Session 'L21UNeEk7U0FXX8mpNk6wC9MmfykVUd1': Getting Home"}
{"level":"info","message":"Session 'L21UNeEk7U0FXX8mpNk6wC9MmfykVUd1': Getting About"}
{"level":"info","message":"Session 'dbg8PYPHllit2RK1mhCroofTMaeDbR6Y': Getting Sign Up"}
{"level":"info","message":"Session 'L21UNeEk7U0FXX8mpNk6wC9MmfykVUd1': Getting Committee"}
{"level":"info","message":"Session 'L21UNeEk7U0FXX8mpNk6wC9MmfykVUd1': Getting Contact"}
{"level":"error","message":"Session 'L21UNeEk7U0FXX8mpNk6wC9MmfykVUd1': Posing Message"}
{"level":"info","message":"Session 'L21UNeEk7U0FXX8mpNk6wC9MmfykVUd1': Getting Home"}
{"level":"info","message":"Session 'L21UNeEk7U0FXX8mpNk6wC9MmfykVUd1': Getting About"}
{"level":"info","message":"Session 'lN3nRWiFtAQlo1j-5yfDoye_78JCllZO': Getting Home"}
{"level":"info","message":"Session 'lN3nRWiFtAQlo1j-5yfDoye_78JCllZO': Getting Home"}
{"level":"info","message":"Session 'lN3nRWiFtAQlo1j-5yfDoye_78JCllZO': Getting About"}
{"level":"info","message":"Session 'lN3nRWiFtAQlo1j-5yfDoye_78JCllZO': Getting Committee"}
{"level":"info","message":"Session 'lN3nRWiFtAQlo1j-5yfDoye_78JCllZO': Getting Events"}
{"level":"info","message":"Session 'lN3nRWiFtAQlo1j-5yfDoye_78JCllZO': Getting Contact"}
{"level":"error","message":"Session 'lN3nRWiFtAQlo1j-5yfDoye_78JCllZO': Posing Message"}
{"level":"info","message":"Session 'lN3nRWiFtAQlo1j-5yfDoye_78JCllZO': Getting Home"}
{"level":"info","message":"Session 'lN3nRWiFtAQlo1j-5yfDoye_78JCllZO': Getting Contact"}
{"level":"info","message":"Session 'DbORU8iVbyFs6sPbKVah9ImfrNFmarDH': Getting Home"}
{"level":"info","message":"Session 'DbORU8iVbyFs6sPbKVah9ImfrNFmarDH': Getting Home"}
{"level":"info","message":"Session 'DbORU8iVbyFs6sPbKVah9ImfrNFmarDH': Getting Home"}
{"level":"info","message":"Session 'DbORU8iVbyFs6sPbKVah9ImfrNFmarDH': Getting Committee"}
{"level":"info","message":"Session 'DbORU8iVbyFs6sPbKVah9ImfrNFmarDH': Getting Events"}
{"level":"info","message":"Session 'DbORU8iVbyFs6sPbKVah9ImfrNFmarDH': Getting About"}
{"level":"info","message":"Session 'bQkVonZf26AlLlQylqNX5qm64anUK1pi': Getting Home"}
{"level":"info","message":"Session 'yVL3sUcJ5-Hb3NkVzNIi3t9j3Lctk1PC': Getting Home"}
{"level":"info","message":"Session 'yVL3sUcJ5-Hb3NkVzNIi3t9j3Lctk1PC': Logging Out"}
{"level":"info","message":"Session 'vyTC58RuPxxX-PsTCBx8Sx5Rc-lxKJBw': Getting Home"}
{"level":"info","message":"Session 'vyTC58RuPxxX-PsTCBx8Sx5Rc-lxKJBw': Getting Login"}
{"level":"info","message":"Session 'u3SWsD_WFK9joQap_OHs87Cyh3iVaXJx': Getting Contact"}
{"level":"info","message":"Session 'u3SWsD_WFK9joQap_OHs87Cyh3iVaXJx': Posting Login Form"}
{"level":"info","message":"Getting Password for User 'cf8a227b-4235-438b-bdc3-a538d39ddf6e'"}
{"level":"info","message":"Session 'u3SWsD_WFK9joQap_OHs87Cyh3iVaXJx': Login Failed"}
{"level":"info","message":"Session 'u3SWsD_WFK9joQap_OHs87Cyh3iVaXJx': Getting Login"}
{"level":"info","message":"Session 'bbes6xt1GTSLM8X8W9DmNVZ56ItoaIqw': Getting Home"}
{"level":"info","message":"Session 'k1wtRQQ-EYRHcpQueVoOznXGm8ZvKkKU': Getting Home"}
{"level":"info","message":"Session 'o1VS3RJkw12rTKu1cDaN4Q9S8zQbUGrR': Getting Home"}
{"level":"info","message":"Session 'd-b5qEiBozI3IZDC3jWLbbzgX4dXw96I': Getting Home"}
{"level":"info","message":"Session 'WpY0kA8hYbSk5zK3suwNudOQ8OSQMM3K': Getting Home"}
{"level":"info","message":"Session 'tETdrfTslcENg89fgDLFldJYfXMncLGb': Getting Home"}
{"level":"info","message":"Session 'qg3LKtQOFd3SVLKq6rHzlhdv5uoxecMg': Getting Home"}
{"level":"info","message":"Session '8_7XsRFulxzSKy5AB-9bbehiq1BKIS43': Getting Home"}
